Aplicación/app/build/intermediates/manifest_merge_blame_file/debug/manifest-merger-blame-debug-report.txt
1<?xml version="1.0" encoding="utf-8"?>
2<manifest xmlns:android="http://schemas.android.com/apk/res/android"
3    package="com.example.safetravelmap"
4    android:versionCode="1"
5    android:versionName="1.0" >
6
7    <uses-sdk
8        android:minSdkVersion="24"
8-->src\main\AndroidManifest.xml
9        android:targetSdkVersion="33" />
9-->src\main\AndroidManifest.xml
10
11    <uses-permission android:name="android.permission.INTERNET" />
11-->src\main\AndroidManifest.xml:5:5-67
11-->src\main\AndroidManifest.xml:5:22-64
12    <uses-permission android:name="android.permission.READ_EXTERNAL_STORAGE" />
12-->src\main\AndroidManifest.xml:6:5-80
12-->src\main\AndroidManifest.xml:6:22-77
13    <uses-permission android:name="android.permission.WRITE_EXTERNAL_STORAGE" />
13-->src\main\AndroidManifest.xml:7:5-81
13-->src\main\AndroidManifest.xml:7:22-78
14    <uses-permission android:name="android.permission.CAMERA" />
14-->src\main\AndroidManifest.xml:8:5-65
14-->src\main\AndroidManifest.xml:8:22-62
15    <uses-permission android:name="android.permission.ACCESS_FINE_LOCATION" />
15-->src\main\AndroidManifest.xml:9:5-79
15-->src\main\AndroidManifest.xml:9:22-76
16    <uses-permission android:name="android.permission.ACCESS_COARSE_LOCATION" />
16-->src\main\AndroidManifest.xml:10:5-81
16-->src\main\AndroidManifest.xml:10:22-78
17
18    <!-- Although the *SdkVersion is captured in gradle build files, this is required for non gradle builds -->
19    <!-- <uses-sdk android:minSdkVersion="14" /> -->
20    <uses-permission android:name="android.permission.ACCESS_NETWORK_STATE" />
20-->[com.google.firebase:firebase-firestore:24.6.0] AndroidManifest.xml:12:5-79
20-->[com.google.firebase:firebase-firestore:24.6.0] AndroidManifest.xml:12:22-76
21
22    <uses-feature
22-->[com.google.android.gms:play-services-maps:17.0.1] AndroidManifest.xml:26:5-28:35
23        android:glEsVersion="0x00020000"
23-->[com.google.android.gms:play-services-maps:17.0.1] AndroidManifest.xml:27:9-41
24        android:required="true" />
24-->[com.google.android.gms:play-services-maps:17.0.1] AndroidManifest.xml:28:9-32
25
26    <queries>
26-->[com.google.android.gms:play-services-maps:17.0.1] AndroidManifest.xml:30:5-34:15
27
28        <!-- Needs to be explicitly declared on Android R+ -->
29        <package android:name="com.google.android.apps.maps" />
29-->[com.google.android.gms:play-services-maps:17.0.1] AndroidManifest.xml:33:9-64
29-->[com.google.android.gms:play-services-maps:17.0.1] AndroidManifest.xml:33:18-61
30    </queries>
31
32    <uses-permission android:name="android.permission.WAKE_LOCK" />
32-->[com.google.android.gms:play-services-measurement-api:21.2.2] AndroidManifest.xml:24:5-68
32-->[com.google.android.gms:play-services-measurement-api:21.2.2] AndroidManifest.xml:24:22-65
33    <uses-permission android:name="com.google.android.gms.permission.AD_ID" />
33-->[com.google.android.gms:play-services-measurement-api:21.2.2] AndroidManifest.xml:25:5-79
33-->[com.google.android.gms:play-services-measurement-api:21.2.2] AndroidManifest.xml:25:22-76
34    <uses-permission android:name="com.google.android.finsky.permission.BIND_GET_INSTALL_REFERRER_SERVICE" />
34-->[com.google.android.gms:play-services-measurement:21.2.2] AndroidManifest.xml:26:5-110
34-->[com.google.android.gms:play-services-measurement:21.2.2] AndroidManifest.xml:26:22-107
35
36    <permission
36-->[androidx.core:core:1.9.0] AndroidManifest.xml:22:5-24:47
37        android:name="com.example.safetravelmap.DYNAMIC_RECEIVER_NOT_EXPORTED_PERMISSION"
37-->[androidx.core:core:1.9.0] AndroidManifest.xml:23:9-81
38        android:protectionLevel="signature" />
38-->[androidx.core:core:1.9.0] AndroidManifest.xml:24:9-44
39
40    <uses-permission android:name="com.example.safetravelmap.DYNAMIC_RECEIVER_NOT_EXPORTED_PERMISSION" />
40-->[androidx.core:core:1.9.0] AndroidManifest.xml:26:5-97
40-->[androidx.core:core:1.9.0] AndroidManifest.xml:26:22-94
41
42    <application
42-->src\main\AndroidManifest.xml:12:5-89:19
43        android:allowBackup="true"
43-->src\main\AndroidManifest.xml:13:9-35
44        android:appComponentFactory="androidx.core.app.CoreComponentFactory"
44-->[androidx.core:core:1.9.0] AndroidManifest.xml:28:18-86
45        android:dataExtractionRules="@xml/data_extraction_rules"
45-->src\main\AndroidManifest.xml:14:9-65
46        android:debuggable="true"
47        android:extractNativeLibs="false"
48        android:fullBackupContent="@xml/backup_rules"
48-->src\main\AndroidManifest.xml:15:9-54
49        android:icon="@mipmap/ic_launcher"
49-->src\main\AndroidManifest.xml:16:9-43
50        android:label="@string/app_name"
50-->src\main\AndroidManifest.xml:17:9-41
51        android:supportsRtl="true"
51-->src\main\AndroidManifest.xml:18:9-35
52        android:testOnly="true"
53        android:theme="@style/Theme.SafeTravelMap" >
53-->src\main\AndroidManifest.xml:19:9-51
54        <activity
54-->src\main\AndroidManifest.xml:21:9-23:40
55            android:name="com.example.safetravelmap.SubirComprobanteDePagoActivity"
55-->src\main\AndroidManifest.xml:22:13-59
56            android:exported="false" />
56-->src\main\AndroidManifest.xml:23:13-37
57        <activity
57-->src\main\AndroidManifest.xml:24:9-26:40
58            android:name="com.example.safetravelmap.RegistroActivity"
58-->src\main\AndroidManifest.xml:25:13-45
59            android:exported="false" />
59-->src\main\AndroidManifest.xml:26:13-37
60        <activity
60-->src\main\AndroidManifest.xml:27:9-29:40
61            android:name="com.example.safetravelmap.DetalleReincidenciaActivity"
61-->src\main\AndroidManifest.xml:28:13-56
62            android:exported="false" />
62-->src\main\AndroidManifest.xml:29:13-37
63        <activity
63-->src\main\AndroidManifest.xml:30:9-32:40
64            android:name="com.example.safetravelmap.AgregarReincidenciaActivity"
64-->src\main\AndroidManifest.xml:31:13-56
65            android:exported="false" />
65-->src\main\AndroidManifest.xml:32:13-37
66        <activity
66-->src\main\AndroidManifest.xml:33:9-35:40
67            android:name="com.example.safetravelmap.DetalleGaleriaTutorialActivity"
67-->src\main\AndroidManifest.xml:34:13-59
68            android:exported="false" />
68-->src\main\AndroidManifest.xml:35:13-37
69        <activity
69-->src\main\AndroidManifest.xml:36:9-38:40
70            android:name="com.example.safetravelmap.ListadoDetallesActivity"
70-->src\main\AndroidManifest.xml:37:13-52
71            android:exported="false" />
71-->src\main\AndroidManifest.xml:38:13-37
72        <activity
72-->src\main\AndroidManifest.xml:39:9-41:40
73            android:name="com.example.safetravelmap.AgregarDetalleActivity"
73-->src\main\AndroidManifest.xml:40:13-51
74            android:exported="false" />
74-->src\main\AndroidManifest.xml:41:13-37
75        <activity
75-->src\main\AndroidManifest.xml:42:9-44:40
76            android:name="com.example.safetravelmap.DetalleTutorialActivity"
76-->src\main\AndroidManifest.xml:43:13-52
77            android:exported="false" />
77-->src\main\AndroidManifest.xml:44:13-37
78        <activity
78-->src\main\AndroidManifest.xml:45:9-47:40
79            android:name="com.example.safetravelmap.TutorialesActivity"
79-->src\main\AndroidManifest.xml:46:13-47
80            android:exported="false" />
80-->src\main\AndroidManifest.xml:47:13-37
81        <activity
81-->src\main\AndroidManifest.xml:48:9-50:40
82            android:name="com.example.safetravelmap.IngresoTutorialActivity"
82-->src\main\AndroidManifest.xml:49:13-52
83            android:exported="false" />
83-->src\main\AndroidManifest.xml:50:13-37
84        <activity
84-->src\main\AndroidManifest.xml:51:9-53:40
85            android:name="com.example.safetravelmap.NuevoTutorialActivity"
85-->src\main\AndroidManifest.xml:52:13-50
86            android:exported="false" />
86-->src\main\AndroidManifest.xml:53:13-37
87        <activity
87-->src\main\AndroidManifest.xml:54:9-56:40
88            android:name="com.example.safetravelmap.DesperfectoActivity"
88-->src\main\AndroidManifest.xml:55:13-48
89            android:exported="false" />
89-->src\main\AndroidManifest.xml:56:13-37
90        <activity
90-->src\main\AndroidManifest.xml:57:9-59:40
91            android:name="com.example.safetravelmap.MapActivity"
91-->src\main\AndroidManifest.xml:58:13-40
92            android:exported="false" />
92-->src\main\AndroidManifest.xml:59:13-37
93        <activity
93-->src\main\AndroidManifest.xml:60:9-62:40
94            android:name="com.example.safetravelmap.SistemaActivity"
94-->src\main\AndroidManifest.xml:61:13-44
95            android:exported="false" />
95-->src\main\AndroidManifest.xml:62:13-37
96        <activity
96-->src\main\AndroidManifest.xml:63:9-65:40
97            android:name="com.example.safetravelmap.LoginActivity"
97-->src\main\AndroidManifest.xml:64:13-42
98            android:exported="false" />
98-->src\main\AndroidManifest.xml:65:13-37
99        <activity
99-->src\main\AndroidManifest.xml:66:9-74:20
100            android:name="com.example.safetravelmap.MainActivity"
100-->src\main\AndroidManifest.xml:67:13-41
101            android:exported="true" >
101-->src\main\AndroidManifest.xml:68:13-36
102            <intent-filter>
102-->src\main\AndroidManifest.xml:69:13-73:29
103                <action android:name="android.intent.action.MAIN" />
103-->src\main\AndroidManifest.xml:70:17-69
103-->src\main\AndroidManifest.xml:70:25-66
104
105                <category android:name="android.intent.category.LAUNCHER" />
105-->src\main\AndroidManifest.xml:72:17-77
105-->src\main\AndroidManifest.xml:72:27-74
106            </intent-filter>
107        </activity>
108
109        <provider
109-->src\main\AndroidManifest.xml:76:9-84:20
110            android:name="androidx.core.content.FileProvider"
110-->src\main\AndroidManifest.xml:77:13-62
111            android:authorities="com.example.android.fileprovider"
111-->src\main\AndroidManifest.xml:78:13-67
112            android:exported="false"
112-->src\main\AndroidManifest.xml:79:13-37
113            android:grantUriPermissions="true" >
113-->src\main\AndroidManifest.xml:80:13-47
114            <meta-data
114-->src\main\AndroidManifest.xml:81:13-83:54
115                android:name="android.support.FILE_PROVIDER_PATHS"
115-->src\main\AndroidManifest.xml:82:17-67
116                android:resource="@xml/file_paths" />
116-->src\main\AndroidManifest.xml:83:17-51
117        </provider>
118
119        <meta-data
119-->src\main\AndroidManifest.xml:86:9-88:71
120            android:name="com.google.android.geo.API_KEY"
120-->src\main\AndroidManifest.xml:87:13-58
121            android:value="AIzaSyBjynErAHv4RNpcKaa9c6cin4kfYf9G8Wg" />
121-->src\main\AndroidManifest.xml:88:13-68
122
123        <service
123-->[com.google.firebase:firebase-firestore:24.6.0] AndroidManifest.xml:16:9-22:19
124            android:name="com.google.firebase.components.ComponentDiscoveryService"
124-->[com.google.firebase:firebase-firestore:24.6.0] AndroidManifest.xml:17:13-84
125            android:directBootAware="true"
125-->[com.google.firebase:firebase-common:20.3.2] AndroidManifest.xml:34:13-43
126            android:exported="false" >
126-->[com.google.firebase:firebase-firestore:24.6.0] AndroidManifest.xml:18:13-37
127            <meta-data
127-->[com.google.firebase:firebase-firestore:24.6.0] AndroidManifest.xml:19:13-21:85
128                android:name="com.google.firebase.components:com.google.firebase.firestore.FirestoreRegistrar"
128-->[com.google.firebase:firebase-firestore:24.6.0] AndroidManifest.xml:20:17-111
129                android:value="com.google.firebase.components.ComponentRegistrar" />
129-->[com.google.firebase:firebase-firestore:24.6.0] AndroidManifest.xml:21:17-82
130            <meta-data
130-->[com.google.firebase:firebase-auth:22.0.0] AndroidManifest.xml:69:13-71:85
131                android:name="com.google.firebase.components:com.google.firebase.auth.FirebaseAuthRegistrar"
131-->[com.google.firebase:firebase-auth:22.0.0] AndroidManifest.xml:70:17-109
132                android:value="com.google.firebase.components.ComponentRegistrar" />
132-->[com.google.firebase:firebase-auth:22.0.0] AndroidManifest.xml:71:17-82
133            <meta-data
133-->[com.google.firebase:firebase-storage:20.2.0] AndroidManifest.xml:32:13-34:85
134                android:name="com.google.firebase.components:com.google.firebase.storage.StorageRegistrar"
134-->[com.google.firebase:firebase-storage:20.2.0] AndroidManifest.xml:33:17-107
135                android:value="com.google.firebase.components.ComponentRegistrar" />
135-->[com.google.firebase:firebase-storage:20.2.0] AndroidManifest.xml:34:17-82
136            <meta-data
136-->[com.google.android.gms:play-services-measurement-api:21.2.2] AndroidManifest.xml:31:13-33:85
137                android:name="com.google.firebase.components:com.google.firebase.analytics.connector.internal.AnalyticsConnectorRegistrar"
137-->[com.google.android.gms:play-services-measurement-api:21.2.2] AndroidManifest.xml:32:17-139
138                android:value="com.google.firebase.components.ComponentRegistrar" />
138-->[com.google.android.gms:play-services-measurement-api:21.2.2] AndroidManifest.xml:33:17-82
139            <meta-data
139-->[com.google.firebase:firebase-installations:17.1.3] AndroidManifest.xml:17:13-19:85
140                android:name="com.google.firebase.components:com.google.firebase.installations.FirebaseInstallationsRegistrar"
140-->[com.google.firebase:firebase-installations:17.1.3] AndroidManifest.xml:18:17-127
141                android:value="com.google.firebase.components.ComponentRegistrar" />
141-->[com.google.firebase:firebase-installations:17.1.3] AndroidManifest.xml:19:17-82
142        </service>
143
144        <activity
144-->[com.google.firebase:firebase-auth:22.0.0] AndroidManifest.xml:29:9-46:20
145            android:name="com.google.firebase.auth.internal.GenericIdpActivity"
145-->[com.google.firebase:firebase-auth:22.0.0] AndroidManifest.xml:30:13-80
146            android:excludeFromRecents="true"
146-->[com.google.firebase:firebase-auth:22.0.0] AndroidManifest.xml:31:13-46
147            android:exported="true"
147-->[com.google.firebase:firebase-auth:22.0.0] AndroidManifest.xml:32:13-36
148            android:launchMode="singleTask"
148-->[com.google.firebase:firebase-auth:22.0.0] AndroidManifest.xml:33:13-44
149            android:theme="@android:style/Theme.Translucent.NoTitleBar" >
149-->[com.google.firebase:firebase-auth:22.0.0] AndroidManifest.xml:34:13-72
150            <intent-filter>
150-->[com.google.firebase:firebase-auth:22.0.0] AndroidManifest.xml:35:13-45:29
151                <action android:name="android.intent.action.VIEW" />
151-->[com.google.firebase:firebase-auth:22.0.0] AndroidManifest.xml:36:17-69
151-->[com.google.firebase:firebase-auth:22.0.0] AndroidManifest.xml:36:25-66
152
153                <category android:name="android.intent.category.DEFAULT" />
153-->[com.google.firebase:firebase-auth:22.0.0] AndroidManifest.xml:38:17-76
153-->[com.google.firebase:firebase-auth:22.0.0] AndroidManifest.xml:38:27-73
154                <category android:name="android.intent.category.BROWSABLE" />
154-->[com.google.firebase:firebase-auth:22.0.0] AndroidManifest.xml:39:17-78
154-->[com.google.firebase:firebase-auth:22.0.0] AndroidManifest.xml:39:27-75
155
156                <data
156-->[com.google.firebase:firebase-auth:22.0.0] AndroidManifest.xml:41:17-44:51
157                    android:host="firebase.auth"
157-->[com.google.firebase:firebase-auth:22.0.0] AndroidManifest.xml:42:21-49
158                    android:path="/"
158-->[com.google.firebase:firebase-auth:22.0.0] AndroidManifest.xml:43:21-37
159                    android:scheme="genericidp" />
159-->[com.google.firebase:firebase-auth:22.0.0] AndroidManifest.xml:44:21-48
160            </intent-filter>
161        </activity>
162        <activity
162-->[com.google.firebase:firebase-auth:22.0.0] AndroidManifest.xml:47:9-64:20
163            android:name="com.google.firebase.auth.internal.RecaptchaActivity"
163-->[com.google.firebase:firebase-auth:22.0.0] AndroidManifest.xml:48:13-79
164            android:excludeFromRecents="true"
164-->[com.google.firebase:firebase-auth:22.0.0] AndroidManifest.xml:49:13-46
165            android:exported="true"
165-->[com.google.firebase:firebase-auth:22.0.0] AndroidManifest.xml:50:13-36
166            android:launchMode="singleTask"
166-->[com.google.firebase:firebase-auth:22.0.0] AndroidManifest.xml:51:13-44
167            android:theme="@android:style/Theme.Translucent.NoTitleBar" >
167-->[com.google.firebase:firebase-auth:22.0.0] AndroidManifest.xml:52:13-72
168            <intent-filter>
168-->[com.google.firebase:firebase-auth:22.0.0] AndroidManifest.xml:53:13-63:29
169                <action android:name="android.intent.action.VIEW" />
169-->[com.google.firebase:firebase-auth:22.0.0] AndroidManifest.xml:36:17-69
169-->[com.google.firebase:firebase-auth:22.0.0] AndroidManifest.xml:36:25-66
170
171                <category android:name="android.intent.category.DEFAULT" />
171-->[com.google.firebase:firebase-auth:22.0.0] AndroidManifest.xml:38:17-76
171-->[com.google.firebase:firebase-auth:22.0.0] AndroidManifest.xml:38:27-73
172                <category android:name="android.intent.category.BROWSABLE" />
172-->[com.google.firebase:firebase-auth:22.0.0] AndroidManifest.xml:39:17-78
172-->[com.google.firebase:firebase-auth:22.0.0] AndroidManifest.xml:39:27-75
173
174                <data
174-->[com.google.firebase:firebase-auth:22.0.0] AndroidManifest.xml:41:17-44:51
175                    android:host="firebase.auth"
175-->[com.google.firebase:firebase-auth:22.0.0] AndroidManifest.xml:42:21-49
176                    android:path="/"
176-->[com.google.firebase:firebase-auth:22.0.0] AndroidManifest.xml:43:21-37
177                    android:scheme="recaptcha" />
177-->[com.google.firebase:firebase-auth:22.0.0] AndroidManifest.xml:44:21-48
178            </intent-filter>
179        </activity> <!-- Needs to be explicitly declared on P+ -->
180        <uses-library
180-->[com.google.android.gms:play-services-maps:17.0.1] AndroidManifest.xml:39:9-41:40
181            android:name="org.apache.http.legacy"
181-->[com.google.android.gms:play-services-maps:17.0.1] AndroidManifest.xml:40:13-50
182            android:required="false" />
182-->[com.google.android.gms:play-services-maps:17.0.1] AndroidManifest.xml:41:13-37
183
184        <provider
184-->[com.google.firebase:firebase-common:20.3.2] AndroidManifest.xml:25:9-30:39
185            android:name="com.google.firebase.provider.FirebaseInitProvider"
185-->[com.google.firebase:firebase-common:20.3.2] AndroidManifest.xml:26:13-77
186            android:authorities="com.example.safetravelmap.firebaseinitprovider"
186-->[com.google.firebase:firebase-common:20.3.2] AndroidManifest.xml:27:13-72
187            android:directBootAware="true"
187-->[com.google.firebase:firebase-common:20.3.2] AndroidManifest.xml:28:13-43
188            android:exported="false"
188-->[com.google.firebase:firebase-common:20.3.2] AndroidManifest.xml:29:13-37
189            android:initOrder="100" />
189-->[com.google.firebase:firebase-common:20.3.2] AndroidManifest.xml:30:13-36
190
191        <activity
191-->[com.google.android.gms:play-services-base:18.0.1] AndroidManifest.xml:20:9-22:45
192            android:name="com.google.android.gms.common.api.GoogleApiActivity"
192-->[com.google.android.gms:play-services-base:18.0.1] AndroidManifest.xml:20:19-85
193            android:exported="false"
193-->[com.google.android.gms:play-services-base:18.0.1] AndroidManifest.xml:22:19-43
194            android:theme="@android:style/Theme.Translucent.NoTitleBar" />
194-->[com.google.android.gms:play-services-base:18.0.1] AndroidManifest.xml:21:19-78
195
196        <receiver
196-->[com.google.android.gms:play-services-measurement:21.2.2] AndroidManifest.xml:29:9-33:20
197            android:name="com.google.android.gms.measurement.AppMeasurementReceiver"
197-->[com.google.android.gms:play-services-measurement:21.2.2] AndroidManifest.xml:30:13-85
198            android:enabled="true"
198-->[com.google.android.gms:play-services-measurement:21.2.2] AndroidManifest.xml:31:13-35
199            android:exported="false" >
199-->[com.google.android.gms:play-services-measurement:21.2.2] AndroidManifest.xml:32:13-37
200        </receiver>
201
202        <service
202-->[com.google.android.gms:play-services-measurement:21.2.2] AndroidManifest.xml:35:9-38:40
203            android:name="com.google.android.gms.measurement.AppMeasurementService"
203-->[com.google.android.gms:play-services-measurement:21.2.2] AndroidManifest.xml:36:13-84
204            android:enabled="true"
204-->[com.google.android.gms:play-services-measurement:21.2.2] AndroidManifest.xml:37:13-35
205            android:exported="false" />
205-->[com.google.android.gms:play-services-measurement:21.2.2] AndroidManifest.xml:38:13-37
206        <service
206-->[com.google.android.gms:play-services-measurement:21.2.2] AndroidManifest.xml:39:9-43:72
207            android:name="com.google.android.gms.measurement.AppMeasurementJobService"
207-->[com.google.android.gms:play-services-measurement:21.2.2] AndroidManifest.xml:40:13-87
208            android:enabled="true"
208-->[com.google.android.gms:play-services-measurement:21.2.2] AndroidManifest.xml:41:13-35
209            android:exported="false"
209-->[com.google.android.gms:play-services-measurement:21.2.2] AndroidManifest.xml:42:13-37
210            android:permission="android.permission.BIND_JOB_SERVICE" />
210-->[com.google.android.gms:play-services-measurement:21.2.2] AndroidManifest.xml:43:13-69
211
212        <meta-data
212-->[com.google.android.gms:play-services-basement:18.1.0] AndroidManifest.xml:21:9-23:69
213            android:name="com.google.android.gms.version"
213-->[com.google.android.gms:play-services-basement:18.1.0] AndroidManifest.xml:22:13-58
214            android:value="@integer/google_play_services_version" />
214-->[com.google.android.gms:play-services-basement:18.1.0] AndroidManifest.xml:23:13-66
215
216        <provider
216-->[androidx.emoji2:emoji2:1.2.0] AndroidManifest.xml:24:9-32:20
217            android:name="androidx.startup.InitializationProvider"
217-->[androidx.emoji2:emoji2:1.2.0] AndroidManifest.xml:25:13-67
218            android:authorities="com.example.safetravelmap.androidx-startup"
218-->[androidx.emoji2:emoji2:1.2.0] AndroidManifest.xml:26:13-68
219            android:exported="false" >
219-->[androidx.emoji2:emoji2:1.2.0] AndroidManifest.xml:27:13-37
220            <meta-data
220-->[androidx.emoji2:emoji2:1.2.0] AndroidManifest.xml:29:13-31:52
221                android:name="androidx.emoji2.text.EmojiCompatInitializer"
221-->[androidx.emoji2:emoji2:1.2.0] AndroidManifest.xml:30:17-75
222                android:value="androidx.startup" />
222-->[androidx.emoji2:emoji2:1.2.0] AndroidManifest.xml:31:17-49
223            <meta-data
223-->[androidx.lifecycle:lifecycle-process:2.4.1] AndroidManifest.xml:31:13-33:52
224                android:name="androidx.lifecycle.ProcessLifecycleInitializer"
224-->[androidx.lifecycle:lifecycle-process:2.4.1] AndroidManifest.xml:32:17-78
225                android:value="androidx.startup" />
225-->[androidx.lifecycle:lifecycle-process:2.4.1] AndroidManifest.xml:33:17-49
226        </provider>
227    </application>
228
229</manifest>